0 info it worked if it ends with ok
1 verbose cli [ '/usr/local/bin/node',
1 verbose cli   '/usr/local/bin/npm',
1 verbose cli   'install',
1 verbose cli   'node-quadtree' ]
2 info using npm@2.15.8
3 info using node@v4.4.7
4 verbose install initial load of /Users/dishants/Desktop/Land-Records-on-Blockchain/package.json
5 verbose readDependencies loading dependencies from /Users/dishants/Desktop/Land-Records-on-Blockchain/package.json
6 silly cache add args [ 'node-quadtree', null ]
7 verbose cache add spec node-quadtree
8 silly cache add parsed spec Result {
8 silly cache add   raw: 'node-quadtree',
8 silly cache add   scope: null,
8 silly cache add   name: 'node-quadtree',
8 silly cache add   rawSpec: '',
8 silly cache add   spec: 'latest',
8 silly cache add   type: 'tag' }
9 silly addNamed node-quadtree@latest
10 verbose addNamed "latest" is being treated as a dist-tag for node-quadtree
11 info addNameTag [ 'node-quadtree', 'latest' ]
12 silly mapToRegistry name node-quadtree
13 silly mapToRegistry using default registry
14 silly mapToRegistry registry https://registry.npmjs.org/
15 silly mapToRegistry data Result {
15 silly mapToRegistry   raw: 'node-quadtree',
15 silly mapToRegistry   scope: null,
15 silly mapToRegistry   name: 'node-quadtree',
15 silly mapToRegistry   rawSpec: '',
15 silly mapToRegistry   spec: 'latest',
15 silly mapToRegistry   type: 'tag' }
16 silly mapToRegistry uri https://registry.npmjs.org/node-quadtree
17 verbose addNameTag registry:https://registry.npmjs.org/node-quadtree not in flight; fetching
18 verbose request uri https://registry.npmjs.org/node-quadtree
19 verbose request no auth needed
20 info attempt registry request try #1 at 2:07:11 PM
21 verbose request id f8ca03c274c811ef
22 http request GET https://registry.npmjs.org/node-quadtree
23 http 200 https://registry.npmjs.org/node-quadtree
24 verbose headers { server: 'CouchDB/1.5.0 (Erlang OTP/R16B03)',
24 verbose headers   etag: '"6VKJ5M483XGTCELFPBD45M575"',
24 verbose headers   'content-type': 'application/json',
24 verbose headers   'content-encoding': 'gzip',
24 verbose headers   'cache-control': 'max-age=300',
24 verbose headers   'content-length': '1456',
24 verbose headers   'accept-ranges': 'bytes',
24 verbose headers   date: 'Thu, 28 Jul 2016 13:07:12 GMT',
24 verbose headers   via: '1.1 varnish',
24 verbose headers   age: '0',
24 verbose headers   connection: 'keep-alive',
24 verbose headers   'x-served-by': 'cache-lhr6347-LHR',
24 verbose headers   'x-cache': 'MISS',
24 verbose headers   'x-cache-hits': '0',
24 verbose headers   'x-timer': 'S1469711232.114811,VS0,VE92',
24 verbose headers   vary: 'Accept-Encoding' }
25 silly get cb [ 200,
25 silly get   { server: 'CouchDB/1.5.0 (Erlang OTP/R16B03)',
25 silly get     etag: '"6VKJ5M483XGTCELFPBD45M575"',
25 silly get     'content-type': 'application/json',
25 silly get     'content-encoding': 'gzip',
25 silly get     'cache-control': 'max-age=300',
25 silly get     'content-length': '1456',
25 silly get     'accept-ranges': 'bytes',
25 silly get     date: 'Thu, 28 Jul 2016 13:07:12 GMT',
25 silly get     via: '1.1 varnish',
25 silly get     age: '0',
25 silly get     connection: 'keep-alive',
25 silly get     'x-served-by': 'cache-lhr6347-LHR',
25 silly get     'x-cache': 'MISS',
25 silly get     'x-cache-hits': '0',
25 silly get     'x-timer': 'S1469711232.114811,VS0,VE92',
25 silly get     vary: 'Accept-Encoding' } ]
26 verbose get saving node-quadtree to /Users/dishants/.npm/registry.npmjs.org/node-quadtree/.cache.json
27 verbose correctMkdir /Users/dishants/.npm correctMkdir not in flight; initializing
28 silly addNameTag next cb for node-quadtree with tag latest
29 silly addNamed node-quadtree@1.0.0
30 verbose addNamed "1.0.0" is a plain semver version for node-quadtree
31 silly mapToRegistry name node-quadtree
32 silly mapToRegistry using default registry
33 silly mapToRegistry registry https://registry.npmjs.org/
34 silly mapToRegistry data Result {
34 silly mapToRegistry   raw: 'node-quadtree',
34 silly mapToRegistry   scope: null,
34 silly mapToRegistry   name: 'node-quadtree',
34 silly mapToRegistry   rawSpec: '',
34 silly mapToRegistry   spec: 'latest',
34 silly mapToRegistry   type: 'tag' }
35 silly mapToRegistry uri https://registry.npmjs.org/node-quadtree
36 verbose addRemoteTarball https://registry.npmjs.org/node-quadtree/-/node-quadtree-1.0.0.tgz not in flight; adding
37 verbose addRemoteTarball [ 'https://registry.npmjs.org/node-quadtree/-/node-quadtree-1.0.0.tgz',
37 verbose addRemoteTarball   '0b059cba62b80c49a60b4148b988bd2dd4db5219' ]
38 info retry fetch attempt 1 at 2:07:11 PM
39 info attempt registry request try #1 at 2:07:11 PM
40 http fetch GET https://registry.npmjs.org/node-quadtree/-/node-quadtree-1.0.0.tgz
41 http fetch 200 https://registry.npmjs.org/node-quadtree/-/node-quadtree-1.0.0.tgz
42 silly fetchAndShaCheck shasum 0b059cba62b80c49a60b4148b988bd2dd4db5219
43 verbose addTmpTarball /var/folders/f2/jbyn0ft964ldjgshtc7726fw0000gn/T/npm-5883-756c76ed/registry.npmjs.org/node-quadtree/-/node-quadtree-1.0.0.tgz not in flight; adding
44 verbose addTmpTarball already have metadata; skipping unpack for node-quadtree@1.0.0
45 verbose correctMkdir /Users/dishants/.npm correctMkdir not in flight; initializing
46 silly cache afterAdd node-quadtree@1.0.0
47 verbose afterAdd /Users/dishants/.npm/node-quadtree/1.0.0/package/package.json not in flight; writing
48 verbose correctMkdir /Users/dishants/.npm correctMkdir not in flight; initializing
49 verbose afterAdd /Users/dishants/.npm/node-quadtree/1.0.0/package/package.json written
50 silly install resolved [ { name: 'node-quadtree',
50 silly install resolved     version: '1.0.0',
50 silly install resolved     description: 'Native implementation of a QuadTree data structure.',
50 silly install resolved     main: 'index.js',
50 silly install resolved     scripts: { test: 'node test.js', install: 'node-gyp rebuild' },
50 silly install resolved     author: { name: 'freezerburn' },
50 silly install resolved     license: 'MIT',
50 silly install resolved     gypfile: true,
50 silly install resolved     gitHead: '56817acec1e6f0b0c75db18bc798968c392c1248',
50 silly install resolved     _id: 'node-quadtree@1.0.0',
50 silly install resolved     _shasum: '0b059cba62b80c49a60b4148b988bd2dd4db5219',
50 silly install resolved     _from: 'node-quadtree@latest',
50 silly install resolved     _npmVersion: '2.1.6',
50 silly install resolved     _nodeVersion: '0.10.33',
50 silly install resolved     _npmUser: { name: 'freezerburn', email: 'vince.raiken@gmail.com' },
50 silly install resolved     maintainers: [ [Object] ],
50 silly install resolved     dist:
50 silly install resolved      { shasum: '0b059cba62b80c49a60b4148b988bd2dd4db5219',
50 silly install resolved        tarball: 'https://registry.npmjs.org/node-quadtree/-/node-quadtree-1.0.0.tgz' },
50 silly install resolved     directories: {},
50 silly install resolved     _resolved: 'https://registry.npmjs.org/node-quadtree/-/node-quadtree-1.0.0.tgz' } ]
51 info install node-quadtree@1.0.0 into /Users/dishants/Desktop/Land-Records-on-Blockchain
52 info installOne node-quadtree@1.0.0
53 verbose installOne of node-quadtree to /Users/dishants/Desktop/Land-Records-on-Blockchain not in flight; installing
54 verbose correctMkdir /Users/dishants/.npm/_locks correctMkdir not in flight; initializing
55 verbose lock using /Users/dishants/.npm/_locks/node-quadtree-2ed7478c4f9d39b9.lock for /Users/dishants/Desktop/Land-Records-on-Blockchain/node_modules/node-quadtree
56 silly install write writing node-quadtree 1.0.0 to /Users/dishants/Desktop/Land-Records-on-Blockchain/node_modules/node-quadtree
57 verbose unbuild node_modules/node-quadtree
58 silly gentlyRm /Users/dishants/Desktop/Land-Records-on-Blockchain/node_modules/node-quadtree is being purged from base /Users/dishants/Desktop/Land-Records-on-Blockchain
59 verbose gentlyRm don't care about contents; nuking /Users/dishants/Desktop/Land-Records-on-Blockchain/node_modules/node-quadtree
60 verbose tar unpack /Users/dishants/.npm/node-quadtree/1.0.0/package.tgz
61 verbose tar unpacking to /Users/dishants/Desktop/Land-Records-on-Blockchain/node_modules/node-quadtree
62 silly gentlyRm /Users/dishants/Desktop/Land-Records-on-Blockchain/node_modules/node-quadtree is being purged
63 verbose gentlyRm don't care about contents; nuking /Users/dishants/Desktop/Land-Records-on-Blockchain/node_modules/node-quadtree
64 silly gunzTarPerm modes [ '755', '644' ]
65 silly gunzTarPerm extractEntry package.json
66 silly gunzTarPerm extractEntry .npmignore
67 silly gunzTarPerm extractEntry README.md
68 silly gunzTarPerm modified mode [ 'README.md', 436, 420 ]
69 silly gunzTarPerm extractEntry LICENSE
70 silly gunzTarPerm extractEntry index.js
71 silly gunzTarPerm modified mode [ 'index.js', 436, 420 ]
72 silly gunzTarPerm extractEntry test.js
73 silly gunzTarPerm modified mode [ 'test.js', 436, 420 ]
74 silly gunzTarPerm extractEntry binding.gyp
75 silly gunzTarPerm modified mode [ 'binding.gyp', 436, 420 ]
76 silly gunzTarPerm extractEntry src/quadtree.cc
77 silly gunzTarPerm modified mode [ 'src/quadtree.cc', 436, 420 ]
78 verbose write writing to /Users/dishants/Desktop/Land-Records-on-Blockchain/node_modules/node-quadtree/package.json
79 info preinstall node-quadtree@1.0.0
80 verbose readDependencies loading dependencies from /Users/dishants/Desktop/Land-Records-on-Blockchain/node_modules/node-quadtree/package.json
81 verbose readDependencies loading dependencies from /Users/dishants/Desktop/Land-Records-on-Blockchain/node_modules/node-quadtree/package.json
82 silly install resolved []
83 verbose about to build /Users/dishants/Desktop/Land-Records-on-Blockchain/node_modules/node-quadtree
84 info build /Users/dishants/Desktop/Land-Records-on-Blockchain/node_modules/node-quadtree
85 info linkStuff node-quadtree@1.0.0
86 silly linkStuff node-quadtree@1.0.0 has /Users/dishants/Desktop/Land-Records-on-Blockchain/node_modules as its parent node_modules
87 verbose linkBins node-quadtree@1.0.0
88 verbose linkMans node-quadtree@1.0.0
89 verbose rebuildBundles node-quadtree@1.0.0
90 info install node-quadtree@1.0.0
91 verbose unsafe-perm in lifecycle true
92 info node-quadtree@1.0.0 Failed to exec install script
93 verbose unlock done using /Users/dishants/.npm/_locks/node-quadtree-2ed7478c4f9d39b9.lock for /Users/dishants/Desktop/Land-Records-on-Blockchain/node_modules/node-quadtree
94 verbose stack Error: node-quadtree@1.0.0 install: `node-gyp rebuild`
94 verbose stack Exit status 1
94 verbose stack     at EventEmitter.<anonymous> (/usr/local/lib/node_modules/npm/lib/utils/lifecycle.js:217:16)
94 verbose stack     at emitTwo (events.js:87:13)
94 verbose stack     at EventEmitter.emit (events.js:172:7)
94 verbose stack     at ChildProcess.<anonymous> (/usr/local/lib/node_modules/npm/lib/utils/spawn.js:24:14)
94 verbose stack     at emitTwo (events.js:87:13)
94 verbose stack     at ChildProcess.emit (events.js:172:7)
94 verbose stack     at maybeClose (internal/child_process.js:827:16)
94 verbose stack     at Process.ChildProcess._handle.onexit (internal/child_process.js:211:5)
95 verbose pkgid node-quadtree@1.0.0
96 verbose cwd /Users/dishants/Desktop/Land-Records-on-Blockchain
97 error Darwin 15.4.0
98 error argv "/usr/local/bin/node" "/usr/local/bin/npm" "install" "node-quadtree"
99 error node v4.4.7
100 error npm  v2.15.8
101 error code ELIFECYCLE
102 error node-quadtree@1.0.0 install: `node-gyp rebuild`
102 error Exit status 1
103 error Failed at the node-quadtree@1.0.0 install script 'node-gyp rebuild'.
103 error This is most likely a problem with the node-quadtree package,
103 error not with npm itself.
103 error Tell the author that this fails on your system:
103 error     node-gyp rebuild
103 error You can get information on how to open an issue for this project with:
103 error     npm bugs node-quadtree
103 error Or if that isn't available, you can get their info via:
103 error
103 error     npm owner ls node-quadtree
103 error There is likely additional logging output above.
104 verbose exit [ 1, true ]
105 verbose unbuild node_modules/node-quadtree
106 info preuninstall node-quadtree@1.0.0
107 info uninstall node-quadtree@1.0.0
108 verbose unbuild rmStuff node-quadtree@1.0.0 from /Users/dishants/Desktop/Land-Records-on-Blockchain/node_modules
109 info postuninstall node-quadtree@1.0.0
110 silly gentlyRm /Users/dishants/Desktop/Land-Records-on-Blockchain/node_modules/node-quadtree is being purged from base /Users/dishants/Desktop/Land-Records-on-Blockchain
111 verbose gentlyRm don't care about contents; nuking /Users/dishants/Desktop/Land-Records-on-Blockchain/node_modules/node-quadtree
112 silly vacuum-fs purging /Users/dishants/Desktop/Land-Records-on-Blockchain/node_modules/node-quadtree
113 silly vacuum-fs removing /Users/dishants/Desktop/Land-Records-on-Blockchain/node_modules
114 silly vacuum-fs finished vacuuming up to /Users/dishants/Desktop/Land-Records-on-Blockchain
